<?xml version="1.0" encoding="UTF-8"?>
<!-- Generated by org.testng.reporters.JUnitReportReporter -->
<testsuite hostname="DESKTOP-142R4VB" failures="0" tests="1" name="demo.BrowserTest" time="0.026" errors="0" timestamp="2022-11-15T00:37:17 PST" skipped="0">
  <testcase classname="demo.BrowserTest" name="test1" time="0.026"/>
  <system-out/>
</testsuite> <!-- demo.BrowserTest -->
