<?xml version="1.0" encoding="UTF-8"?>
<!-- Generated by org.testng.reporters.JUnitReportReporter -->
<testsuite hostname="DESKTOP-142R4VB" failures="0" tests="2" name="demo.TestLazada" time="17.690" errors="0" timestamp="2022-11-15T13:29:33 PST" skipped="0">
  <testcase classname="demo.TestLazada" name="test1" time="8.479"/>
  <system-out/>
  <testcase classname="demo.TestLazada" name="test2" time="9.211"/>
  <system-out/>
</testsuite> <!-- demo.TestLazada -->
